NODE #0:
Comment: Uncompressed

	Quant     = 100000
	File size = 384.1

	bin     --> parquet time = 29.3993c
	parquet --> bin     time = 21.6492c

~~~~~~~~~~~~~~~~~~~~~~~~~~~~~~~~~~~~~~~~~~~~~~~~~~~~
NODE #0:
Comment: GZIP

	Quant     = 100000
	File size = 291.5

	bin     --> parquet time = 61.975c
	parquet --> bin     time = 20.5495c

~~~~~~~~~~~~~~~~~~~~~~~~~~~~~~~~~~~~~~~~~~~~~~~~~~~~
NODE #0:
Comment: ZSTD

	Quant     = 100000
	File size = 309.1

	bin     --> parquet time = 32.6371c
	parquet --> bin     time = 17.753c

~~~~~~~~~~~~~~~~~~~~~~~~~~~~~~~~~~~~~~~~~~~~~~~~~~~~
NODE #0:
Comment: SNAPPY

	Quant     = 100000
	File size = 384.9

	bin     --> parquet time = 29.1156c
	parquet --> bin     time = 16.534c

~~~~~~~~~~~~~~~~~~~~~~~~~~~~~~~~~~~~~~~~~~~~~~~~~~~~
NODE #0:
Comment: Uncomp: Read-v2

	Quant     = 100000
	File size = -1

	bin     --> parquet time = 35.5121c
	parquet --> bin     time = 18.0022c

~~~~~~~~~~~~~~~~~~~~~~~~~~~~~~~~~~~~~~~~~~~~~~~~~~~~
NODE #0:
Comment: Uncomp: Read-v1, edited

	Quant     = 100000
	File size = -1

	bin     --> parquet time = 30.0648c
	parquet --> bin     time = 19.0049c

~~~~~~~~~~~~~~~~~~~~~~~~~~~~~~~~~~~~~~~~~~~~~~~~~~~~
NODE #0:
Comment: Uncomp: Read-v2

	Quant     = 100000
	File size = -1

	bin     --> parquet time = 32.3025c
	parquet --> bin     time = 17.931c

~~~~~~~~~~~~~~~~~~~~~~~~~~~~~~~~~~~~~~~~~~~~~~~~~~~~
NODE #0:
Comment: Uncomp: Read-v2

	Quant     = 100000
	File size = -1

	bin     --> parquet time = 32.2829c
	parquet --> bin     time = 17.3324c

~~~~~~~~~~~~~~~~~~~~~~~~~~~~~~~~~~~~~~~~~~~~~~~~~~~~
NODE #0:
Comment: Uncomp: Read-v2

	Quant     = 100000
	File size = -1

	bin     --> parquet time = 48.297c
	parquet --> bin     time = 20.3437c

~~~~~~~~~~~~~~~~~~~~~~~~~~~~~~~~~~~~~~~~~~~~~~~~~~~~
NODE #0:
Comment: Uncomp: Read-v2

	Quant     = 100000
	File size = -1

	bin     --> parquet time = 28.8805c
	parquet --> bin     time = 16.3006c

~~~~~~~~~~~~~~~~~~~~~~~~~~~~~~~~~~~~~~~~~~~~~~~~~~~~
