NODE #0:
Comment: /small-1000-UNCOMP.parquet

	Quant     = 1000
	File size = 20MB

	bin     --> parquet time = 2.66413c
	parquet --> bin     time = 0.590642c

~~~~~~~~~~~~~~~~~~~~~~~~~~~~~~~~~~~~~~~~~~~~~~~~~~~~
NODE #0:
Comment: /small-1000-GZIP.parquet

	Quant     = 1000
	File size = 15MB

	bin     --> parquet time = 6.52342c
	parquet --> bin     time = 1.34107c

~~~~~~~~~~~~~~~~~~~~~~~~~~~~~~~~~~~~~~~~~~~~~~~~~~~~
NODE #0:
Comment: /small-1000-ZSTD.parquet

	Quant     = 1000
	File size = 15.8MB

	bin     --> parquet time = 8.76612c
	parquet --> bin     time = 1.86482c

~~~~~~~~~~~~~~~~~~~~~~~~~~~~~~~~~~~~~~~~~~~~~~~~~~~~
NODE #0:
Comment: /small-1000-SNAPPY.parquet

	Quant     = 1000
	File size = 20.1MB

	bin     --> parquet time = 10.9657c
	parquet --> bin     time = 2.4965c

~~~~~~~~~~~~~~~~~~~~~~~~~~~~~~~~~~~~~~~~~~~~~~~~~~~~
NODE #0:
Comment: /small-10000-UNCOMP.parquet

	Quant     = 10000
	File size = 17.0MB

	bin     --> parquet time = 12.1732c
	parquet --> bin     time = 2.89883c

~~~~~~~~~~~~~~~~~~~~~~~~~~~~~~~~~~~~~~~~~~~~~~~~~~~~
NODE #0:
Comment: /small-10000-GZIP.parquet

	Quant     = 10000
	File size = 13.2MB

	bin     --> parquet time = 14.5082c
	parquet --> bin     time = 3.4981c

~~~~~~~~~~~~~~~~~~~~~~~~~~~~~~~~~~~~~~~~~~~~~~~~~~~~
NODE #0:
Comment: /small-10000-ZSTD.parquet

	Quant     = 10000
	File size = 13.9MB

	bin     --> parquet time = 15.8266c
	parquet --> bin     time = 3.91693c

~~~~~~~~~~~~~~~~~~~~~~~~~~~~~~~~~~~~~~~~~~~~~~~~~~~~
NODE #0:
Comment: /small-10000-SNAPPY.parquet

	Quant     = 10000
	File size = 17.1MB

	bin     --> parquet time = 17.0704c
	parquet --> bin     time = 4.28934c

~~~~~~~~~~~~~~~~~~~~~~~~~~~~~~~~~~~~~~~~~~~~~~~~~~~~
NODE #0:
Comment: /small-50000-UNCOMP.parquet

	Quant     = 50000
	File size = 17.1MB

	bin     --> parquet time = 18.2715c
	parquet --> bin     time = 4.72561c

~~~~~~~~~~~~~~~~~~~~~~~~~~~~~~~~~~~~~~~~~~~~~~~~~~~~
NODE #0:
Comment: /small-50000-GZIP.parquet

	Quant     = 50000
	File size = 13.2MB

	bin     --> parquet time = 20.662c
	parquet --> bin     time = 5.29232c

~~~~~~~~~~~~~~~~~~~~~~~~~~~~~~~~~~~~~~~~~~~~~~~~~~~~
NODE #0:
Comment: /small-50000-ZSTD.parquet

	Quant     = 50000
	File size = 13.9MB

	bin     --> parquet time = 22.0214c
	parquet --> bin     time = 5.80289c

~~~~~~~~~~~~~~~~~~~~~~~~~~~~~~~~~~~~~~~~~~~~~~~~~~~~
NODE #0:
Comment: /small-50000-SNAPPY.parquet

	Quant     = 50000
	File size = 17.1MB

	bin     --> parquet time = 23.354c
	parquet --> bin     time = 6.36347c

~~~~~~~~~~~~~~~~~~~~~~~~~~~~~~~~~~~~~~~~~~~~~~~~~~~~
NODE #0:
Comment: /small-100000-UNCOMP.parquet

	Quant     = 100000
	File size = 17.0MB

	bin     --> parquet time = 24.479c
	parquet --> bin     time = 6.79361c

~~~~~~~~~~~~~~~~~~~~~~~~~~~~~~~~~~~~~~~~~~~~~~~~~~~~
NODE #0:
Comment: /small-100000-GZIP.parquet

	Quant     = 100000
	File size = 13.1MB

	bin     --> parquet time = 26.6265c
	parquet --> bin     time = 7.34783c

~~~~~~~~~~~~~~~~~~~~~~~~~~~~~~~~~~~~~~~~~~~~~~~~~~~~
NODE #0:
Comment: /small-100000-ZSTD.parquet

	Quant     = 100000
	File size = 13.9MB

	bin     --> parquet time = 27.9393c
	parquet --> bin     time = 7.77551c

~~~~~~~~~~~~~~~~~~~~~~~~~~~~~~~~~~~~~~~~~~~~~~~~~~~~
NODE #0:
Comment: /small-100000-SNAPPY.parquet

	Quant     = 100000
	File size = 17.0MB

	bin     --> parquet time = 29.2093c
	parquet --> bin     time = 8.28315c

~~~~~~~~~~~~~~~~~~~~~~~~~~~~~~~~~~~~~~~~~~~~~~~~~~~~
NODE #0:
Comment: /big-1000-UNCOMP.parquet

	Quant     = 1000
	File size = 1.1GB

	bin     --> parquet time = 157.673c
	parquet --> bin     time = 35.9021c

~~~~~~~~~~~~~~~~~~~~~~~~~~~~~~~~~~~~~~~~~~~~~~~~~~~~
NODE #0:
Comment: /big-1000-GZIP.parquet

	Quant     = 1000
	File size = 819.3MB

	bin     --> parquet time = 390.475c
	parquet --> bin     time = 79.1765c

~~~~~~~~~~~~~~~~~~~~~~~~~~~~~~~~~~~~~~~~~~~~~~~~~~~~
NODE #0:
Comment: /big-1000-ZSTD.parquet

	Quant     = 1000
	File size = 867.7MB

	bin     --> parquet time = 536.032c
	parquet --> bin     time = 110.643c

~~~~~~~~~~~~~~~~~~~~~~~~~~~~~~~~~~~~~~~~~~~~~~~~~~~~
NODE #0:
Comment: /big-1000-SNAPPY.parquet

	Quant     = 1000
	File size = 1.1GB

	bin     --> parquet time = 659.69c
	parquet --> bin     time = 139.812c

~~~~~~~~~~~~~~~~~~~~~~~~~~~~~~~~~~~~~~~~~~~~~~~~~~~~
NODE #0:
Comment: /big-10000-UNCOMP.parquet

	Quant     = 10000
	File size = 933.8MB

	bin     --> parquet time = 730.394c
	parquet --> bin     time = 163.984c

~~~~~~~~~~~~~~~~~~~~~~~~~~~~~~~~~~~~~~~~~~~~~~~~~~~~
NODE #0:
Comment: /big-10000-GZIP.parquet

	Quant     = 10000
	File size = 728.9MB

	bin     --> parquet time = 861.478c
	parquet --> bin     time = 198.001c

~~~~~~~~~~~~~~~~~~~~~~~~~~~~~~~~~~~~~~~~~~~~~~~~~~~~
NODE #0:
Comment: /big-10000-ZSTD.parquet

	Quant     = 10000
	File size = 772.1MB

	bin     --> parquet time = 945.757c
	parquet --> bin     time = 223.31c

~~~~~~~~~~~~~~~~~~~~~~~~~~~~~~~~~~~~~~~~~~~~~~~~~~~~
NODE #0:
Comment: /big-10000-SNAPPY.parquet

	Quant     = 10000
	File size = 932.3MB

	bin     --> parquet time = 1028.05c
	parquet --> bin     time = 247.558c

~~~~~~~~~~~~~~~~~~~~~~~~~~~~~~~~~~~~~~~~~~~~~~~~~~~~
NODE #0:
Comment: /big-50000-UNCOMP.parquet

	Quant     = 50000
	File size = 933.4MB

	bin     --> parquet time = 1104.35c
	parquet --> bin     time = 272.626c

~~~~~~~~~~~~~~~~~~~~~~~~~~~~~~~~~~~~~~~~~~~~~~~~~~~~
NODE #0:
Comment: /big-50000-GZIP.parquet

	Quant     = 50000
	File size = 728.8MB

	bin     --> parquet time = 1248.18c
	parquet --> bin     time = 308.191c

~~~~~~~~~~~~~~~~~~~~~~~~~~~~~~~~~~~~~~~~~~~~~~~~~~~~
NODE #0:
Comment: /big-50000-ZSTD.parquet

	Quant     = 50000
	File size = 772.1MB

	bin     --> parquet time = 1336.9c
	parquet --> bin     time = 337.146c

~~~~~~~~~~~~~~~~~~~~~~~~~~~~~~~~~~~~~~~~~~~~~~~~~~~~
NODE #0:
Comment: /big-50000-SNAPPY.parquet

	Quant     = 50000
	File size = 931.9MB

	bin     --> parquet time = 1414.86c
	parquet --> bin     time = 363.175c

~~~~~~~~~~~~~~~~~~~~~~~~~~~~~~~~~~~~~~~~~~~~~~~~~~~~
NODE #0:
Comment: /big-100000-UNCOMP.parquet

	Quant     = 100000
	File size = 930.3MB

	bin     --> parquet time = 1487.5c
	parquet --> bin     time = 385.827c

~~~~~~~~~~~~~~~~~~~~~~~~~~~~~~~~~~~~~~~~~~~~~~~~~~~~
NODE #0:
Comment: /big-100000-GZIP.parquet

	Quant     = 100000
	File size = 727.0MB

	bin     --> parquet time = 1631.5c
	parquet --> bin     time = 424.741c

~~~~~~~~~~~~~~~~~~~~~~~~~~~~~~~~~~~~~~~~~~~~~~~~~~~~
NODE #0:
Comment: /big-100000-ZSTD.parquet

	Quant     = 100000
	File size = 770.1MB

	bin     --> parquet time = 1716.47c
	parquet --> bin     time = 450.141c

~~~~~~~~~~~~~~~~~~~~~~~~~~~~~~~~~~~~~~~~~~~~~~~~~~~~
NODE #0:
Comment: /big-100000-SNAPPY.parquet

	Quant     = 100000
	File size = 928.8MB

	bin     --> parquet time = 1796c
	parquet --> bin     time = 474.392c

~~~~~~~~~~~~~~~~~~~~~~~~~~~~~~~~~~~~~~~~~~~~~~~~~~~~
